<?xml version="1.0" encoding="UTF-8"?>
<!-- Generated by org.testng.reporters.JUnitReportReporter -->
<testsuite hostname="DESKTOP-E9H8BID" failures="0" tests="4" name="cucumberOptions.TestNGRunner" time="28.088" errors="0" timestamp="2022-08-29T19:20:11 BRT" skipped="0">
  <testcase classname="cucumberOptions.TestNGRunner" name="runScenario" time="6.782"/>
  <system-out/>
  <testcase classname="cucumberOptions.TestNGRunner" name="runScenario" time="6.638"/>
  <system-out/>
  <testcase classname="cucumberOptions.TestNGRunner" name="runScenario" time="7.946"/>
  <system-out/>
  <testcase classname="cucumberOptions.TestNGRunner" name="runScenario" time="6.722"/>
  <system-out/>
</testsuite> <!-- cucumberOptions.TestNGRunner -->
